-------------------------------------------------------------------------------
Test set: com.jhajayramori.app.PortfolioApplicationTests
-------------------------------------------------------------------------------
Tests run: 1, Failures: 0, Errors: 1, Skipped: 0, Time elapsed: 3.311 s <<< FAILURE! - in com.jhajayramori.app.PortfolioApplicationTests
contextLoads  Time elapsed: 0.008 s  <<< ERROR!
java.lang.IllegalStateException: Failed to load ApplicationContext
Caused by: org.springframework.beans.factory.UnsatisfiedDependencyException: Error creating bean with name 'authController': Unsatisfied dependency expressed through field 'authenticationManager'; nested exception is org.springframework.beans.factory.BeanCreationException: Error creating bean with name 'authenticationManager' defined in class path resource [com/jhajayramori/app/security/MainSecurity.class]: Bean instantiation via factory method failed; nested exception is org.springframework.beans.BeanInstantiationException: Failed to instantiate [org.springframework.security.authentication.AuthenticationManager]: Factory method 'authenticationManager' threw exception; nested exception is org.springframework.beans.factory.UnsatisfiedDependencyException: Error creating bean with name 'userDetailsImpl': Unsatisfied dependency expressed through field 'usuarioServ'; nested exception is org.springframework.beans.factory.UnsatisfiedDependencyException: Error creating bean with name 'usuarioService': Unsatisfied dependency expressed through field 'iusuarioRepo'; nested exception is org.springframework.beans.factory.BeanCreationException: Error creating bean with name 'iUsuarioRepository' defined in com.jhajayramori.app.security.repository.iUsuarioRepository defined in @EnableJpaRepositories declared on JpaRepositoriesRegistrar.EnableJpaRepositoriesConfiguration: Invocation of init method failed; nested exception is org.springframework.data.repository.query.QueryCreationException: Could not create query for public abstract boolean com.jhajayramori.app.security.repository.iUsuarioRepository.existByEmail(java.lang.String); Reason: Failed to create query for method public abstract boolean com.jhajayramori.app.security.repository.iUsuarioRepository.existByEmail(java.lang.String)! No property 'existByEmail' found for type 'User'; nested exception is java.lang.IllegalArgumentException: Failed to create query for method public abstract boolean com.jhajayramori.app.security.repository.iUsuarioRepository.existByEmail(java.lang.String)! No property 'existByEmail' found for type 'User'
Caused by: org.springframework.beans.factory.BeanCreationException: Error creating bean with name 'authenticationManager' defined in class path resource [com/jhajayramori/app/security/MainSecurity.class]: Bean instantiation via factory method failed; nested exception is org.springframework.beans.BeanInstantiationException: Failed to instantiate [org.springframework.security.authentication.AuthenticationManager]: Factory method 'authenticationManager' threw exception; nested exception is org.springframework.beans.factory.UnsatisfiedDependencyException: Error creating bean with name 'userDetailsImpl': Unsatisfied dependency expressed through field 'usuarioServ'; nested exception is org.springframework.beans.factory.UnsatisfiedDependencyException: Error creating bean with name 'usuarioService': Unsatisfied dependency expressed through field 'iusuarioRepo'; nested exception is org.springframework.beans.factory.BeanCreationException: Error creating bean with name 'iUsuarioRepository' defined in com.jhajayramori.app.security.repository.iUsuarioRepository defined in @EnableJpaRepositories declared on JpaRepositoriesRegistrar.EnableJpaRepositoriesConfiguration: Invocation of init method failed; nested exception is org.springframework.data.repository.query.QueryCreationException: Could not create query for public abstract boolean com.jhajayramori.app.security.repository.iUsuarioRepository.existByEmail(java.lang.String); Reason: Failed to create query for method public abstract boolean com.jhajayramori.app.security.repository.iUsuarioRepository.existByEmail(java.lang.String)! No property 'existByEmail' found for type 'User'; nested exception is java.lang.IllegalArgumentException: Failed to create query for method public abstract boolean com.jhajayramori.app.security.repository.iUsuarioRepository.existByEmail(java.lang.String)! No property 'existByEmail' found for type 'User'
Caused by: org.springframework.beans.BeanInstantiationException: Failed to instantiate [org.springframework.security.authentication.AuthenticationManager]: Factory method 'authenticationManager' threw exception; nested exception is org.springframework.beans.factory.UnsatisfiedDependencyException: Error creating bean with name 'userDetailsImpl': Unsatisfied dependency expressed through field 'usuarioServ'; nested exception is org.springframework.beans.factory.UnsatisfiedDependencyException: Error creating bean with name 'usuarioService': Unsatisfied dependency expressed through field 'iusuarioRepo'; nested exception is org.springframework.beans.factory.BeanCreationException: Error creating bean with name 'iUsuarioRepository' defined in com.jhajayramori.app.security.repository.iUsuarioRepository defined in @EnableJpaRepositories declared on JpaRepositoriesRegistrar.EnableJpaRepositoriesConfiguration: Invocation of init method failed; nested exception is org.springframework.data.repository.query.QueryCreationException: Could not create query for public abstract boolean com.jhajayramori.app.security.repository.iUsuarioRepository.existByEmail(java.lang.String); Reason: Failed to create query for method public abstract boolean com.jhajayramori.app.security.repository.iUsuarioRepository.existByEmail(java.lang.String)! No property 'existByEmail' found for type 'User'; nested exception is java.lang.IllegalArgumentException: Failed to create query for method public abstract boolean com.jhajayramori.app.security.repository.iUsuarioRepository.existByEmail(java.lang.String)! No property 'existByEmail' found for type 'User'
Caused by: org.springframework.beans.factory.UnsatisfiedDependencyException: Error creating bean with name 'userDetailsImpl': Unsatisfied dependency expressed through field 'usuarioServ'; nested exception is org.springframework.beans.factory.UnsatisfiedDependencyException: Error creating bean with name 'usuarioService': Unsatisfied dependency expressed through field 'iusuarioRepo'; nested exception is org.springframework.beans.factory.BeanCreationException: Error creating bean with name 'iUsuarioRepository' defined in com.jhajayramori.app.security.repository.iUsuarioRepository defined in @EnableJpaRepositories declared on JpaRepositoriesRegistrar.EnableJpaRepositoriesConfiguration: Invocation of init method failed; nested exception is org.springframework.data.repository.query.QueryCreationException: Could not create query for public abstract boolean com.jhajayramori.app.security.repository.iUsuarioRepository.existByEmail(java.lang.String); Reason: Failed to create query for method public abstract boolean com.jhajayramori.app.security.repository.iUsuarioRepository.existByEmail(java.lang.String)! No property 'existByEmail' found for type 'User'; nested exception is java.lang.IllegalArgumentException: Failed to create query for method public abstract boolean com.jhajayramori.app.security.repository.iUsuarioRepository.existByEmail(java.lang.String)! No property 'existByEmail' found for type 'User'
Caused by: org.springframework.beans.factory.UnsatisfiedDependencyException: Error creating bean with name 'usuarioService': Unsatisfied dependency expressed through field 'iusuarioRepo'; nested exception is org.springframework.beans.factory.BeanCreationException: Error creating bean with name 'iUsuarioRepository' defined in com.jhajayramori.app.security.repository.iUsuarioRepository defined in @EnableJpaRepositories declared on JpaRepositoriesRegistrar.EnableJpaRepositoriesConfiguration: Invocation of init method failed; nested exception is org.springframework.data.repository.query.QueryCreationException: Could not create query for public abstract boolean com.jhajayramori.app.security.repository.iUsuarioRepository.existByEmail(java.lang.String); Reason: Failed to create query for method public abstract boolean com.jhajayramori.app.security.repository.iUsuarioRepository.existByEmail(java.lang.String)! No property 'existByEmail' found for type 'User'; nested exception is java.lang.IllegalArgumentException: Failed to create query for method public abstract boolean com.jhajayramori.app.security.repository.iUsuarioRepository.existByEmail(java.lang.String)! No property 'existByEmail' found for type 'User'
Caused by: org.springframework.beans.factory.BeanCreationException: Error creating bean with name 'iUsuarioRepository' defined in com.jhajayramori.app.security.repository.iUsuarioRepository defined in @EnableJpaRepositories declared on JpaRepositoriesRegistrar.EnableJpaRepositoriesConfiguration: Invocation of init method failed; nested exception is org.springframework.data.repository.query.QueryCreationException: Could not create query for public abstract boolean com.jhajayramori.app.security.repository.iUsuarioRepository.existByEmail(java.lang.String); Reason: Failed to create query for method public abstract boolean com.jhajayramori.app.security.repository.iUsuarioRepository.existByEmail(java.lang.String)! No property 'existByEmail' found for type 'User'; nested exception is java.lang.IllegalArgumentException: Failed to create query for method public abstract boolean com.jhajayramori.app.security.repository.iUsuarioRepository.existByEmail(java.lang.String)! No property 'existByEmail' found for type 'User'
Caused by: org.springframework.data.repository.query.QueryCreationException: Could not create query for public abstract boolean com.jhajayramori.app.security.repository.iUsuarioRepository.existByEmail(java.lang.String); Reason: Failed to create query for method public abstract boolean com.jhajayramori.app.security.repository.iUsuarioRepository.existByEmail(java.lang.String)! No property 'existByEmail' found for type 'User'; nested exception is java.lang.IllegalArgumentException: Failed to create query for method public abstract boolean com.jhajayramori.app.security.repository.iUsuarioRepository.existByEmail(java.lang.String)! No property 'existByEmail' found for type 'User'
Caused by: java.lang.IllegalArgumentException: Failed to create query for method public abstract boolean com.jhajayramori.app.security.repository.iUsuarioRepository.existByEmail(java.lang.String)! No property 'existByEmail' found for type 'User'
Caused by: org.springframework.data.mapping.PropertyReferenceException: No property 'existByEmail' found for type 'User'

