-------------------------------------------------------------------------------
Test set: com.jhajayramori.app.PortfolioApplicationTests
-------------------------------------------------------------------------------
Tests run: 1, Failures: 0, Errors: 1, Skipped: 0, Time elapsed: 2.447 s <<< FAILURE! - in com.jhajayramori.app.PortfolioApplicationTests
contextLoads  Time elapsed: 0.007 s  <<< ERROR!
java.lang.IllegalStateException: Failed to load ApplicationContext
Caused by: org.springframework.beans.factory.BeanCreationException: Error creating bean with name 'entityManagerFactory' defined in class path resource [org/springframework/boot/autoconfigure/orm/jpa/HibernateJpaConfiguration.class]: Invocation of init method failed; nested exception is org.hibernate.DuplicateMappingException: The [com.jhajayramori.app.model.Usuario] and [com.jhajayramori.app.security.entity.Usuario] entities share the same JPA entity name: [Usuario] which is not allowed!
Caused by: org.hibernate.DuplicateMappingException: The [com.jhajayramori.app.model.Usuario] and [com.jhajayramori.app.security.entity.Usuario] entities share the same JPA entity name: [Usuario] which is not allowed!

